0 info it worked if it ends with ok
1 verbose cli [ '/usr/bin/nodejs', '/usr/bin/npm', 'install', '-g', 'sm' ]
2 info using npm@1.3.10
3 info using node@v0.10.25
4 verbose cache add [ 'sm', null ]
5 verbose cache add name=undefined spec="sm" args=["sm",null]
6 verbose parsed url { protocol: null,
6 verbose parsed url   slashes: null,
6 verbose parsed url   auth: null,
6 verbose parsed url   host: null,
6 verbose parsed url   port: null,
6 verbose parsed url   hostname: null,
6 verbose parsed url   hash: null,
6 verbose parsed url   search: null,
6 verbose parsed url   query: null,
6 verbose parsed url   pathname: 'sm',
6 verbose parsed url   path: 'sm',
6 verbose parsed url   href: 'sm' }
7 silly lockFile 3e76c243-sm sm
8 verbose lock sm /afs/csail.mit.edu/u/e/eanntuan/.npm/3e76c243-sm.lock
9 silly lockFile 3e76c243-sm sm
10 silly lockFile 3e76c243-sm sm
11 verbose addNamed [ 'sm', '' ]
12 verbose addNamed [ null, '*' ]
13 silly lockFile 852f3b84-sm sm@
14 verbose lock sm@ /afs/csail.mit.edu/u/e/eanntuan/.npm/852f3b84-sm.lock
15 silly addNameRange { name: 'sm', range: '*', hasData: false }
16 verbose url raw sm
17 verbose url resolving [ 'https://registry.npmjs.org/', './sm' ]
18 verbose url resolved https://registry.npmjs.org/sm
19 info trying registry request attempt 1 at 11:12:36
20 verbose etag "53DM2KHBOAQT1LB3MUQ7O2JV4"
21 http GET https://registry.npmjs.org/sm
22 http 304 https://registry.npmjs.org/sm
23 silly registry.get cb [ 304,
23 silly registry.get   { date: 'Fri, 23 Oct 2015 15:12:37 GMT',
23 silly registry.get     via: '1.1 varnish',
23 silly registry.get     'cache-control': 'max-age=60',
23 silly registry.get     etag: '"53DM2KHBOAQT1LB3MUQ7O2JV4"',
23 silly registry.get     age: '0',
23 silly registry.get     connection: 'keep-alive',
23 silly registry.get     'x-served-by': 'cache-iad2136-IAD',
23 silly registry.get     'x-cache': 'MISS',
23 silly registry.get     'x-cache-hits': '0',
23 silly registry.get     'x-timer': 'S1445613157.057212,VS0,VE14',
23 silly registry.get     vary: 'Accept' } ]
24 verbose etag sm from cache
25 silly addNameRange number 2 { name: 'sm', range: '*', hasData: true }
26 silly addNameRange versions [ 'sm',
26 silly addNameRange   [ '0.0.1',
26 silly addNameRange     '0.1.2',
26 silly addNameRange     '0.1.3',
26 silly addNameRange     '0.1.4',
26 silly addNameRange     '0.1.6',
26 silly addNameRange     '0.1.7',
26 silly addNameRange     '0.1.8',
26 silly addNameRange     '0.1.9',
26 silly addNameRange     '0.1.10',
26 silly addNameRange     '0.1.11',
26 silly addNameRange     '0.1.12',
26 silly addNameRange     '0.1.13',
26 silly addNameRange     '0.1.14',
26 silly addNameRange     '0.1.15',
26 silly addNameRange     '0.1.16',
26 silly addNameRange     '0.1.17',
26 silly addNameRange     '0.1.23',
26 silly addNameRange     '0.1.24',
26 silly addNameRange     '0.1.25',
26 silly addNameRange     '0.1.26',
26 silly addNameRange     '0.1.27',
26 silly addNameRange     '0.1.29',
26 silly addNameRange     '0.1.30',
26 silly addNameRange     '0.1.31',
26 silly addNameRange     '0.1.33',
26 silly addNameRange     '0.1.38',
26 silly addNameRange     '0.1.39',
26 silly addNameRange     '0.1.40',
26 silly addNameRange     '0.1.41',
26 silly addNameRange     '0.1.45',
26 silly addNameRange     '0.1.46',
26 silly addNameRange     '0.1.47',
26 silly addNameRange     '0.1.48',
26 silly addNameRange     '0.1.49',
26 silly addNameRange     '0.1.50',
26 silly addNameRange     '0.1.51',
26 silly addNameRange     '0.1.52',
26 silly addNameRange     '0.1.53',
26 silly addNameRange     '0.1.54',
26 silly addNameRange     '0.1.55',
26 silly addNameRange     '0.1.57',
26 silly addNameRange     '0.1.58',
26 silly addNameRange     '0.1.59',
26 silly addNameRange     '0.1.60',
26 silly addNameRange     '0.1.61',
26 silly addNameRange     '0.1.62',
26 silly addNameRange     '0.1.63',
26 silly addNameRange     '0.1.64',
26 silly addNameRange     '0.1.65',
26 silly addNameRange     '0.1.66',
26 silly addNameRange     '0.1.67',
26 silly addNameRange     '0.1.68',
26 silly addNameRange     '0.1.69',
26 silly addNameRange     '0.1.70',
26 silly addNameRange     '0.1.71',
26 silly addNameRange     '0.1.72',
26 silly addNameRange     '0.1.73',
26 silly addNameRange     '0.1.74',
26 silly addNameRange     '0.1.75',
26 silly addNameRange     '0.1.76',
26 silly addNameRange     '0.2.0',
26 silly addNameRange     '0.2.1',
26 silly addNameRange     '0.2.2',
26 silly addNameRange     '0.2.3',
26 silly addNameRange     '0.2.4',
26 silly addNameRange     '0.2.5',
26 silly addNameRange     '0.2.6',
26 silly addNameRange     '0.2.7',
26 silly addNameRange     '0.2.8',
26 silly addNameRange     '0.2.9',
26 silly addNameRange     '0.2.10',
26 silly addNameRange     '0.2.11',
26 silly addNameRange     '0.3.6-pre-2',
26 silly addNameRange     '0.3.6-pre-3',
26 silly addNameRange     '0.3.6-pre.6',
26 silly addNameRange     '0.3.6-pre.7',
26 silly addNameRange     '0.3.6-pre.8',
26 silly addNameRange     '0.3.6-pre.9',
26 silly addNameRange     '0.3.6-pre.10',
26 silly addNameRange     '0.3.6-pre.11',
26 silly addNameRange     '0.3.6-pre.12',
26 silly addNameRange     '0.3.6-pre.13',
26 silly addNameRange     '0.3.6-pre.14',
26 silly addNameRange     '0.3.6-pre.15',
26 silly addNameRange     '0.3.6-pre.16',
26 silly addNameRange     '0.3.6-pre.17',
26 silly addNameRange     '0.3.6-pre.18',
26 silly addNameRange     '0.3.6-pre.19',
26 silly addNameRange     '0.3.6-pre.20',
26 silly addNameRange     '0.3.6-pre.21',
26 silly addNameRange     '0.3.6-pre.22',
26 silly addNameRange     '0.3.6-pre.23',
26 silly addNameRange     '0.3.6-pre.36',
26 silly addNameRange     '0.3.6-pre.40',
26 silly addNameRange     '0.3.6-pre.41',
26 silly addNameRange     '0.3.6-pre.42',
26 silly addNameRange     '0.3.6-pre.43',
26 silly addNameRange     '0.3.6-pre.44',
26 silly addNameRange     '0.3.6-pre.46',
26 silly addNameRange     '0.3.6-pre.47',
26 silly addNameRange     '0.3.6-pre.48',
26 silly addNameRange     '0.3.6-pre.54',
26 silly addNameRange     '0.3.6-pre.56',
26 silly addNameRange     '0.3.6-pre.57',
26 silly addNameRange     '0.3.6-pre.58',
26 silly addNameRange     '0.3.6-pre.59',
26 silly addNameRange     '0.3.6-pre.60',
26 silly addNameRange     '0.3.6-pre.63',
26 silly addNameRange     '0.2.12-rc.1' ] ]
27 verbose addNamed [ 'sm', '0.2.12-rc.1' ]
28 verbose addNamed [ '0.2.12-rc.1', '0.2.12-rc.1' ]
29 silly lockFile bdfb1e32-sm-0-2-12-rc-1 sm@0.2.12-rc.1
30 verbose lock sm@0.2.12-rc.1 /afs/csail.mit.edu/u/e/eanntuan/.npm/bdfb1e32-sm-0-2-12-rc-1.lock
31 silly lockFile 3dc45b43--npmjs-org-sm-sm-0-2-12-rc-1-tgz https://registry.npmjs.org/sm/-/sm-0.2.12-rc.1.tgz
32 verbose lock https://registry.npmjs.org/sm/-/sm-0.2.12-rc.1.tgz /afs/csail.mit.edu/u/e/eanntuan/.npm/3dc45b43--npmjs-org-sm-sm-0-2-12-rc-1-tgz.lock
33 verbose addRemoteTarball [ 'https://registry.npmjs.org/sm/-/sm-0.2.12-rc.1.tgz',
33 verbose addRemoteTarball   '4e0dd00533069630a491f781e0dae2e1ebf008cb' ]
34 info retry fetch attempt 1 at 11:12:37
35 verbose fetch to= /afs/csail.mit.edu/u/e/eanntuan/tmp/npm-30496-oZgSjmm5/1445613157126-0.3187102267984301/tmp.tgz
36 http GET https://registry.npmjs.org/sm/-/sm-0.2.12-rc.1.tgz
37 http 200 https://registry.npmjs.org/sm/-/sm-0.2.12-rc.1.tgz
38 verbose tar unpack /afs/csail.mit.edu/u/e/eanntuan/tmp/npm-30496-oZgSjmm5/1445613157126-0.3187102267984301/tmp.tgz
39 silly lockFile 0524df4a-57126-0-3187102267984301-package tar:///afs/csail.mit.edu/u/e/eanntuan/tmp/npm-30496-oZgSjmm5/1445613157126-0.3187102267984301/package
40 verbose lock tar:///afs/csail.mit.edu/u/e/eanntuan/tmp/npm-30496-oZgSjmm5/1445613157126-0.3187102267984301/package /afs/csail.mit.edu/u/e/eanntuan/.npm/0524df4a-57126-0-3187102267984301-package.lock
41 silly lockFile 5698c52d-57126-0-3187102267984301-tmp-tgz tar:///afs/csail.mit.edu/u/e/eanntuan/tmp/npm-30496-oZgSjmm5/1445613157126-0.3187102267984301/tmp.tgz
42 verbose lock tar:///afs/csail.mit.edu/u/e/eanntuan/tmp/npm-30496-oZgSjmm5/1445613157126-0.3187102267984301/tmp.tgz /afs/csail.mit.edu/u/e/eanntuan/.npm/5698c52d-57126-0-3187102267984301-tmp-tgz.lock
43 silly gunzTarPerm modes [ '755', '644' ]
44 silly gunzTarPerm extractEntry package.json
45 silly gunzTarPerm extractEntry .npmignore
46 silly gunzTarPerm extractEntry README.md
47 error Error: EPERM, chown '/afs/csail.mit.edu/u/e/eanntuan/tmp/npm-30496-oZgSjmm5/1445613157126-0.3187102267984301/package/package.json'
47 error  { [Error: EPERM, chown '/afs/csail.mit.edu/u/e/eanntuan/tmp/npm-30496-oZgSjmm5/1445613157126-0.3187102267984301/package/package.json']
47 error   errno: 50,
47 error   code: 'EPERM',
47 error   path: '/afs/csail.mit.edu/u/e/eanntuan/tmp/npm-30496-oZgSjmm5/1445613157126-0.3187102267984301/package/package.json',
47 error   fstream_finish_call: 'chown',
47 error   fstream_type: 'File',
47 error   fstream_path: '/afs/csail.mit.edu/u/e/eanntuan/tmp/npm-30496-oZgSjmm5/1445613157126-0.3187102267984301/package/package.json',
47 error   fstream_class: 'FileWriter',
47 error   fstream_stack:
47 error    [ '/usr/lib/nodejs/fstream/lib/writer.js:305:19',
47 error      '/usr/lib/nodejs/graceful-fs/polyfills.js:133:7',
47 error      'Object.oncomplete (fs.js:107:15)' ] }
48 error Please try running this command again as root/Administrator.
49 error System Linux 3.13.0-65-generic
50 error command "/usr/bin/nodejs" "/usr/bin/npm" "install" "-g" "sm"
51 error cwd /afs/csail.mit.edu/u/e/eanntuan/Nutrition/RecordAudioServer
52 error node -v v0.10.25
53 error npm -v 1.3.10
54 error path /afs/csail.mit.edu/u/e/eanntuan/tmp/npm-30496-oZgSjmm5/1445613157126-0.3187102267984301/package/package.json
55 error fstream_path /afs/csail.mit.edu/u/e/eanntuan/tmp/npm-30496-oZgSjmm5/1445613157126-0.3187102267984301/package/package.json
56 error fstream_type File
57 error fstream_class FileWriter
58 error fstream_finish_call chown
59 error code EPERM
60 error errno 50
61 error stack Error: EPERM, chown '/afs/csail.mit.edu/u/e/eanntuan/tmp/npm-30496-oZgSjmm5/1445613157126-0.3187102267984301/package/package.json'
62 error fstream_stack /usr/lib/nodejs/fstream/lib/writer.js:305:19
62 error fstream_stack /usr/lib/nodejs/graceful-fs/polyfills.js:133:7
62 error fstream_stack Object.oncomplete (fs.js:107:15)
63 verbose exit [ 50, true ]
